2024-05-23 15:13:03 [main] INFO  org.hibernate.validator.internal.util.Version - HV000001: Hibernate Validator 8.0.1.Final
2024-05-23 15:15:38 [main] INFO  org.hibernate.validator.internal.util.Version - HV000001: Hibernate Validator 8.0.1.Final
2024-05-23 15:17:22 [main] INFO  org.hibernate.validator.internal.util.Version - HV000001: Hibernate Validator 8.0.1.Final
2024-05-23 15:18:30 [main] INFO  org.hibernate.validator.internal.util.Version - HV000001: Hibernate Validator 8.0.1.Final
2024-05-23 15:22:45 [main] INFO  org.hibernate.validator.internal.util.Version - HV000001: Hibernate Validator 8.0.1.Final
2024-05-23 21:56:23 [main] INFO  org.hibernate.validator.internal.util.Version - HV000001: Hibernate Validator 8.0.1.Final
2024-05-23 21:57:43 [main] INFO  org.hibernate.validator.internal.util.Version - HV000001: Hibernate Validator 8.0.1.Final
2024-05-23 22:06:53 [main] INFO  org.hibernate.validator.internal.util.Version - HV000001: Hibernate Validator 8.0.1.Final
2024-05-23 22:07:22 [main] INFO  org.hibernate.validator.internal.util.Version - HV000001: Hibernate Validator 8.0.1.Final
2024-05-23 22:11:11 [main] INFO  org.hibernate.validator.internal.util.Version - HV000001: Hibernate Validator 8.0.1.Final
2024-05-23 22:12:04 [main] INFO  org.hibernate.validator.internal.util.Version - HV000001: Hibernate Validator 8.0.1.Final
2024-05-23 22:13:19 [grizzly-http-server-4] ERROR com.fiap.br.util.interfaces.Loggable - Erro ao executar atualização para teste: ORA-01400: não é possível inserir NULL em ("RM553912"."TESTE"."NOME")

2024-05-23 22:16:52 [main] INFO  org.hibernate.validator.internal.util.Version - HV000001: Hibernate Validator 8.0.1.Final
2024-05-23 22:18:37 [main] INFO  org.hibernate.validator.internal.util.Version - HV000001: Hibernate Validator 8.0.1.Final
2024-05-23 22:18:46 [grizzly-http-server-0] ERROR com.fiap.br.util.interfaces.Loggable - Erro ao executar atualização para teste: ORA-01400: não é possível inserir NULL em ("RM553912"."TESTE"."NOME")

2024-05-23 22:18:49 [grizzly-http-server-1] ERROR com.fiap.br.util.interfaces.Loggable - Erro ao executar atualização para teste: ORA-01400: não é possível inserir NULL em ("RM553912"."TESTE"."NOME")

2024-05-23 22:20:54 [main] INFO  org.hibernate.validator.internal.util.Version - HV000001: Hibernate Validator 8.0.1.Final
2024-05-23 22:20:57 [grizzly-http-server-0] ERROR com.fiap.br.util.interfaces.Loggable - Erro ao executar atualização para teste: ORA-01400: não é possível inserir NULL em ("RM553912"."TESTE"."NOME")

2024-05-23 22:21:48 [main] INFO  org.hibernate.validator.internal.util.Version - HV000001: Hibernate Validator 8.0.1.Final
2024-05-23 22:26:52 [main] INFO  org.hibernate.validator.internal.util.Version - HV000001: Hibernate Validator 8.0.1.Final
2024-05-23 22:27:27 [main] INFO  org.hibernate.validator.internal.util.Version - HV000001: Hibernate Validator 8.0.1.Final
2024-05-23 22:31:39 [main] INFO  org.hibernate.validator.internal.util.Version - HV000001: Hibernate Validator 8.0.1.Final
2024-05-23 22:32:45 [main] INFO  org.hibernate.validator.internal.util.Version - HV000001: Hibernate Validator 8.0.1.Final
2024-05-23 22:35:05 [main] INFO  org.hibernate.validator.internal.util.Version - HV000001: Hibernate Validator 8.0.1.Final
2024-05-23 22:36:59 [main] INFO  org.hibernate.validator.internal.util.Version - HV000001: Hibernate Validator 8.0.1.Final
2024-05-23 22:39:39 [main] INFO  org.hibernate.validator.internal.util.Version - HV000001: Hibernate Validator 8.0.1.Final
2024-05-23 22:41:28 [main] INFO  org.hibernate.validator.internal.util.Version - HV000001: Hibernate Validator 8.0.1.Final
2024-05-23 22:49:54 [main] INFO  org.hibernate.validator.internal.util.Version - HV000001: Hibernate Validator 8.0.1.Final
2024-05-23 23:00:08 [main] INFO  org.hibernate.validator.internal.util.Version - HV000001: Hibernate Validator 8.0.1.Final
2024-05-23 23:03:35 [main] INFO  org.hibernate.validator.internal.util.Version - HV000001: Hibernate Validator 8.0.1.Final
2024-05-23 23:03:38 [grizzly-http-server-0] ERROR com.fiap.br.util.interfaces.Loggable - Erro ao executar atualização para teste: ORA-01400: não é possível inserir NULL em ("RM553912"."TESTE"."NOME")

2024-05-23 23:03:52 [main] INFO  org.hibernate.validator.internal.util.Version - HV000001: Hibernate Validator 8.0.1.Final
2024-05-23 23:16:54 [main] INFO  org.hibernate.validator.internal.util.Version - HV000001: Hibernate Validator 8.0.1.Final
2024-05-23 23:17:15 [main] INFO  org.hibernate.validator.internal.util.Version - HV000001: Hibernate Validator 8.0.1.Final
2024-05-23 23:19:50 [main] INFO  org.hibernate.validator.internal.util.Version - HV000001: Hibernate Validator 8.0.1.Final
2024-05-23 23:23:23 [main] INFO  org.hibernate.validator.internal.util.Version - HV000001: Hibernate Validator 8.0.1.Final
2024-05-23 23:24:39 [main] INFO  org.hibernate.validator.internal.util.Version - HV000001: Hibernate Validator 8.0.1.Final
2024-05-28 20:31:34 [main] INFO  org.hibernate.validator.internal.util.Version - HV000001: Hibernate Validator 8.0.1.Final
2024-05-28 20:32:34 [main] INFO  org.hibernate.validator.internal.util.Version - HV000001: Hibernate Validator 8.0.1.Final
2024-05-28 20:33:14 [main] INFO  org.hibernate.validator.internal.util.Version - HV000001: Hibernate Validator 8.0.1.Final
2024-05-28 20:33:35 [main] INFO  org.hibernate.validator.internal.util.Version - HV000001: Hibernate Validator 8.0.1.Final
2024-05-28 20:35:11 [main] INFO  org.hibernate.validator.internal.util.Version - HV000001: Hibernate Validator 8.0.1.Final
2024-05-28 20:37:28 [main] INFO  org.hibernate.validator.internal.util.Version - HV000001: Hibernate Validator 8.0.1.Final
2024-05-29 10:55:03 [main] INFO  org.hibernate.validator.internal.util.Version - HV000001: Hibernate Validator 8.0.1.Final
2024-05-29 10:58:47 [main] INFO  org.hibernate.validator.internal.util.Version - HV000001: Hibernate Validator 8.0.1.Final
2024-05-29 10:59:48 [main] INFO  org.hibernate.validator.internal.util.Version - HV000001: Hibernate Validator 8.0.1.Final
2024-05-29 11:07:51 [main] INFO  org.hibernate.validator.internal.util.Version - HV000001: Hibernate Validator 8.0.1.Final
2024-05-29 11:19:52 [grizzly-http-server-1] ERROR com.fiap.br.util.interfaces.Loggable - Erro ao executar consulta para T_GS_USUARIO: Erro de ES: Uma tentativa de conexão falhou porque o componente conectado não respondeu
corretamente após um período de tempo ou a conexão estabelecida falhou
porque o host conectado não respondeu
2024-05-29 11:20:47 [main] INFO  org.hibernate.validator.internal.util.Version - HV000001: Hibernate Validator 8.0.1.Final
2024-05-30 17:19:01 [main] INFO  org.hibernate.validator.internal.util.Version - HV000001: Hibernate Validator 8.0.1.Final
2024-05-30 17:19:06 [grizzly-http-server-0] ERROR com.fiap.br.util.interfaces.Loggable - Erro ao executar consulta para T_GS_USUARIO: Erro ao mapear ResultSet para a entidade com.fiap.br.models.Usuario
2024-05-30 17:20:44 [main] INFO  org.hibernate.validator.internal.util.Version - HV000001: Hibernate Validator 8.0.1.Final
2024-05-30 17:28:29 [main] INFO  org.hibernate.validator.internal.util.Version - HV000001: Hibernate Validator 8.0.1.Final
2024-05-30 17:30:29 [main] INFO  org.hibernate.validator.internal.util.Version - HV000001: Hibernate Validator 8.0.1.Final
2024-05-30 17:35:59 [main] INFO  org.hibernate.validator.internal.util.Version - HV000001: Hibernate Validator 8.0.1.Final
2024-05-30 17:36:05 [main] INFO  org.hibernate.validator.internal.util.Version - HV000001: Hibernate Validator 8.0.1.Final
2024-05-30 18:29:47 [main] INFO  org.hibernate.validator.internal.util.Version - HV000001: Hibernate Validator 8.0.1.Final
2024-05-30 21:59:22 [main] INFO  org.hibernate.validator.internal.util.Version - HV000001: Hibernate Validator 8.0.1.Final
2024-05-30 21:59:30 [grizzly-http-server-0] ERROR com.fiap.br.util.interfaces.Loggable - Erro ao executar inserção para T_GS_USUARIO: Conversão inválida solicitada
2024-05-30 21:59:30 [grizzly-http-server-0] ERROR com.fiap.br.util.interfaces.Loggable - Erro ao executar inserção para T_GS_Endereco: Conversão inválida solicitada
2024-05-30 22:01:11 [main] INFO  org.hibernate.validator.internal.util.Version - HV000001: Hibernate Validator 8.0.1.Final
2024-05-30 22:02:16 [grizzly-http-server-0] ERROR com.fiap.br.util.interfaces.Loggable - Erro ao executar inserção para T_GS_USUARIO: Conversão inválida solicitada
2024-05-30 22:05:53 [main] INFO  org.hibernate.validator.internal.util.Version - HV000001: Hibernate Validator 8.0.1.Final
2024-05-30 22:09:25 [main] INFO  org.hibernate.validator.internal.util.Version - HV000001: Hibernate Validator 8.0.1.Final
2024-05-30 22:09:51 [main] INFO  org.hibernate.validator.internal.util.Version - HV000001: Hibernate Validator 8.0.1.Final
2024-05-30 22:12:08 [main] INFO  org.hibernate.validator.internal.util.Version - HV000001: Hibernate Validator 8.0.1.Final
2024-05-30 22:14:06 [main] INFO  org.hibernate.validator.internal.util.Version - HV000001: Hibernate Validator 8.0.1.Final
2024-05-30 22:14:14 [main] INFO  org.hibernate.validator.internal.util.Version - HV000001: Hibernate Validator 8.0.1.Final
2024-05-30 22:14:43 [main] INFO  org.hibernate.validator.internal.util.Version - HV000001: Hibernate Validator 8.0.1.Final
2024-05-30 22:17:02 [main] INFO  org.hibernate.validator.internal.util.Version - HV000001: Hibernate Validator 8.0.1.Final
2024-05-30 22:42:37 [main] INFO  org.hibernate.validator.internal.util.Version - HV000001: Hibernate Validator 8.0.1.Final
2024-05-30 22:55:05 [main] INFO  org.hibernate.validator.internal.util.Version - HV000001: Hibernate Validator 8.0.1.Final
2024-05-30 22:57:06 [main] INFO  org.hibernate.validator.internal.util.Version - HV000001: Hibernate Validator 8.0.1.Final
2024-05-30 22:57:33 [main] INFO  org.hibernate.validator.internal.util.Version - HV000001: Hibernate Validator 8.0.1.Final
2024-05-30 22:59:41 [main] INFO  org.hibernate.validator.internal.util.Version - HV000001: Hibernate Validator 8.0.1.Final
2024-05-30 22:59:52 [grizzly-http-server-0] ERROR com.fiap.br.util.interfaces.Loggable - Erro ao encontrar usuário por e-mail: Erro ao mapear ResultSet para a entidade com.fiap.br.models.Usuario
2024-05-30 23:02:44 [main] INFO  org.hibernate.validator.internal.util.Version - HV000001: Hibernate Validator 8.0.1.Final
2024-05-30 23:04:06 [grizzly-http-server-1] ERROR com.fiap.br.util.interfaces.Loggable - Erro ao encontrar usuário por e-mail: Erro ao mapear ResultSet para a entidade com.fiap.br.models.Usuario
2024-05-30 23:04:13 [main] INFO  org.hibernate.validator.internal.util.Version - HV000001: Hibernate Validator 8.0.1.Final
2024-05-30 23:12:04 [main] INFO  org.hibernate.validator.internal.util.Version - HV000001: Hibernate Validator 8.0.1.Final
2024-05-30 23:13:44 [main] INFO  org.hibernate.validator.internal.util.Version - HV000001: Hibernate Validator 8.0.1.Final
2024-05-30 23:16:22 [main] INFO  org.hibernate.validator.internal.util.Version - HV000001: Hibernate Validator 8.0.1.Final
2024-05-30 23:17:45 [main] INFO  org.hibernate.validator.internal.util.Version - HV000001: Hibernate Validator 8.0.1.Final
2024-05-30 23:17:52 [main] INFO  org.hibernate.validator.internal.util.Version - HV000001: Hibernate Validator 8.0.1.Final
2024-05-30 23:18:02 [main] INFO  org.hibernate.validator.internal.util.Version - HV000001: Hibernate Validator 8.0.1.Final
2024-05-30 23:18:16 [grizzly-http-server-1] ERROR com.fiap.br.util.interfaces.Loggable - Erro ao encontrar usuário por e-mail: ORA-00905: palavra-chave não encontrada

2024-05-30 23:18:37 [main] INFO  org.hibernate.validator.internal.util.Version - HV000001: Hibernate Validator 8.0.1.Final
2024-05-30 23:19:50 [main] INFO  org.hibernate.validator.internal.util.Version - HV000001: Hibernate Validator 8.0.1.Final
2024-05-30 23:24:59 [main] INFO  org.hibernate.validator.internal.util.Version - HV000001: Hibernate Validator 8.0.1.Final
2024-05-30 23:27:23 [main] INFO  org.hibernate.validator.internal.util.Version - HV000001: Hibernate Validator 8.0.1.Final
2024-05-30 23:28:08 [main] INFO  org.hibernate.validator.internal.util.Version - HV000001: Hibernate Validator 8.0.1.Final
2024-05-30 23:28:38 [main] INFO  org.hibernate.validator.internal.util.Version - HV000001: Hibernate Validator 8.0.1.Final
